<?xml version="1.0" encoding="UTF-8"?>
<!-- Generated by org.testng.reporters.JUnitXMLReporter -->
<testsuite ignored="0" hostname="LAPTOP-EOLDV6RL" failures="0" tests="2" name="Error Validations Test" time="45.43" errors="0" timestamp="2024-04-06T12:24:57 IST">
  <testcase classname="rahulshettyacademy.Tests.ErrorValidation" name="loginErrorValidation" time="1.251"/>
  <testcase classname="rahulshettyacademy.Tests.ErrorValidation" name="productErrorValidation" time="23.778"/>
</testsuite> <!-- Error Validations Test -->
