<?xml version="1.0" encoding="UTF-8"?>
<!-- Generated by org.testng.reporters.JUnitXMLReporter -->
<testsuite ignored="0" hostname="LAPTOP-EOLDV6RL" failures="0" tests="4" name="Submit Order Test" time="63.017" errors="0" timestamp="2024-04-06T12:25:14 IST">
  <testcase classname="rahulshettyacademy.Tests.SubmitOrder" name="submitOrder" time="15.798"/>
  <testcase classname="rahulshettyacademy.Tests.SubmitOrder" name="submitOrder" time="14.95"/>
  <testcase classname="rahulshettyacademy.Tests.SubmitOrder" name="orderHistoryTest" time="0.85"/>
  <testcase classname="rahulshettyacademy.Tests.SubmitOrder" name="orderHistoryTest" time="0.784"/>
</testsuite> <!-- Submit Order Test -->
